# JRE version: OpenJDK Runtime Environment Temurin-17.0.15+6 (17.0.15+6) (build 17.0.15+6)
# Java VM: OpenJDK 64-Bit Server VM Temurin-17.0.15+6 (17.0.15+6, mixed mode, sharing, tiered, compressed oops, compressed class ptrs, g1 gc, windows-amd64)
GC Precious Log:
 CPUs: 8 total, 8 available
 Memory: 7991M
 Large Page Support: Disabled
 NUMA Support: Disabled
 Compressed Oops: Enabled (32-bit)
 Heap Region Size: 1M
 Heap Min Capacity: 8M
 Heap Initial Capacity: 126M
 Heap Max Capacity: 1998M
 Pre-touch: Disabled
 Parallel Workers: 8
 Concurrent Workers: 2
 Concurrent Refinement Workers: 8
 Periodic GC: Disabled
Heap:
 garbage-first heap   total 211968K, used 152742K [0x0000000083200000, 0x0000000100000000)
  region size 1024K, 76 young (77824K), 6 survivors (6144K)
 Metaspace       used 96473K, committed 97536K, reserved 1179648K
  class space    used 11804K, committed 12416K, reserved 1048576K
GC Heap History (20 events):
Event: 145252.962 GC heap before
{Heap before GC invocations=156 (full 17):
 garbage-first heap   total 441344K, used 277251K [0x0000000083200000, 0x0000000100000000)
  region size 1024K, 213 young (218112K), 5 survivors (5120K)
 Metaspace       used 92873K, committed 95808K, reserved 1179648K
  class space    used 11344K, committed 12416K, reserved 1048576K
}
Event: 145254.318 GC heap after
{Heap after GC invocations=157 (full 18):
 garbage-first heap   total 211968K, used 60335K [0x0000000083200000, 0x0000000100000000)
  region size 1024K, 0 young (0K), 0 survivors (0K)
 Metaspace       used 92823K, committed 95808K, reserved 1179648K
  class space    used 11336K, committed 12416K, reserved 1048576K
}
Event: 145329.623 GC heap before
{Heap before GC invocations=157 (full 18):
 garbage-first heap   total 211968K, used 169903K [0x0000000083200000, 0x0000000100000000)
  region size 1024K, 107 young (109568K), 0 survivors (0K)
 Metaspace       used 93420K, committed 95808K, reserved 1179648K
  class space    used 11442K, committed 12416K, reserved 1048576K
}
Event: 145329.740 GC heap after
{Heap after GC invocations=158 (full 18):
 garbage-first heap   total 211968K, used 62021K [0x0000000083200000, 0x0000000100000000)
  region size 1024K, 2 young (2048K), 2 survivors (2048K)
 Metaspace       used 93420K, committed 95808K, reserved 1179648K
  class space    used 11442K, committed 12416K, reserved 1048576K
}
Event: 145580.497 GC heap before
{Heap before GC invocations=159 (full 18):
 garbage-first heap   total 211968K, used 171589K [0x0000000083200000, 0x0000000100000000)
  region size 1024K, 109 young (111616K), 2 survivors (2048K)
 Metaspace       used 93451K, committed 95808K, reserved 1179648K
  class space    used 11443K, committed 12416K, reserved 1048576K
}
Event: 145580.544 GC heap after
{Heap after GC invocations=160 (full 18):
 garbage-first heap   total 211968K, used 65002K [0x0000000083200000, 0x0000000100000000)
  region size 1024K, 5 young (5120K), 5 survivors (5120K)
 Metaspace       used 93451K, committed 95808K, reserved 1179648K
  class space    used 11443K, committed 12416K, reserved 1048576K
}
Event: 145588.188 GC heap before
{Heap before GC invocations=160 (full 18):
 garbage-first heap   total 211968K, used 172522K [0x0000000083200000, 0x0000000100000000)
  region size 1024K, 110 young (112640K), 5 survivors (5120K)
 Metaspace       used 94168K, committed 95808K, reserved 1179648K
  class space    used 11531K, committed 12416K, reserved 1048576K
}
Event: 145588.218 GC heap after
{Heap after GC invocations=161 (full 18):
 garbage-first heap   total 211968K, used 70765K [0x0000000083200000, 0x0000000100000000)
  region size 1024K, 11 young (11264K), 11 survivors (11264K)
 Metaspace       used 94168K, committed 95808K, reserved 1179648K
  class space    used 11531K, committed 12416K, reserved 1048576K
}
Event: 145627.356 GC heap before
{Heap before GC invocations=161 (full 18):
 garbage-first heap   total 211968K, used 95341K [0x0000000083200000, 0x0000000100000000)
  region size 1024K, 36 young (36864K), 11 survivors (11264K)
 Metaspace       used 94200K, committed 95808K, reserved 1179648K
  class space    used 11534K, committed 12416K, reserved 1048576K
}
Event: 145627.794 GC heap after
{Heap after GC invocations=162 (full 19):
 garbage-first heap   total 211968K, used 65971K [0x0000000083200000, 0x0000000100000000)
  region size 1024K, 0 young (0K), 0 survivors (0K)
 Metaspace       used 94200K, committed 95808K, reserved 1179648K
  class space    used 11534K, committed 12416K, reserved 1048576K
}
Event: 145632.672 GC heap before
{Heap before GC invocations=162 (full 19):
 garbage-first heap   total 211968K, used 170419K [0x0000000083200000, 0x0000000100000000)
  region size 1024K, 103 young (105472K), 0 survivors (0K)
 Metaspace       used 94959K, committed 96192K, reserved 1179648K
  class space    used 11624K, committed 12416K, reserved 1048576K
}
Event: 145632.684 GC heap after
{Heap after GC invocations=163 (full 19):
 garbage-first heap   total 211968K, used 73565K [0x0000000083200000, 0x0000000100000000)
  region size 1024K, 8 young (8192K), 8 survivors (8192K)
 Metaspace       used 94959K, committed 96192K, reserved 1179648K
  class space    used 11624K, committed 12416K, reserved 1048576K
}
Event: 145639.770 GC heap before
{Heap before GC invocations=163 (full 19):
 garbage-first heap   total 211968K, used 170845K [0x0000000083200000, 0x0000000100000000)
  region size 1024K, 103 young (105472K), 8 survivors (8192K)
 Metaspace       used 95479K, committed 96640K, reserved 1179648K
  class space    used 11663K, committed 12416K, reserved 1048576K
}
Event: 145639.907 GC heap after
{Heap after GC invocations=164 (full 19):
 garbage-first heap   total 211968K, used 76881K [0x0000000083200000, 0x0000000100000000)
  region size 1024K, 5 young (5120K), 5 survivors (5120K)
 Metaspace       used 95479K, committed 96640K, reserved 1179648K
  class space    used 11663K, committed 12416K, reserved 1048576K
}
Event: 145650.681 GC heap before
{Heap before GC invocations=164 (full 19):
 garbage-first heap   total 211968K, used 106577K [0x0000000083200000, 0x0000000100000000)
  region size 1024K, 35 young (35840K), 5 survivors (5120K)
 Metaspace       used 95502K, committed 96704K, reserved 1179648K
  class space    used 11664K, committed 12416K, reserved 1048576K
}
Event: 145651.038 GC heap after
{Heap after GC invocations=165 (full 20):
 garbage-first heap   total 211968K, used 71236K [0x0000000083200000, 0x0000000100000000)
  region size 1024K, 0 young (0K), 0 survivors (0K)
 Metaspace       used 95453K, committed 96704K, reserved 1179648K
  class space    used 11656K, committed 12416K, reserved 1048576K
}
Event: 145664.638 GC heap before
{Heap before GC invocations=165 (full 20):
 garbage-first heap   total 211968K, used 171588K [0x0000000083200000, 0x0000000100000000)
  region size 1024K, 98 young (100352K), 0 survivors (0K)
 Metaspace       used 95792K, committed 96960K, reserved 1179648K
  class space    used 11696K, committed 12416K, reserved 1048576K
}
Event: 145664.660 GC heap after
{Heap after GC invocations=166 (full 20):
 garbage-first heap   total 211968K, used 79107K [0x0000000083200000, 0x0000000100000000)
  region size 1024K, 8 young (8192K), 8 survivors (8192K)
 Metaspace       used 95792K, committed 96960K, reserved 1179648K
  class space    used 11696K, committed 12416K, reserved 1048576K
}
Event: 145687.950 GC heap before
{Heap before GC invocations=166 (full 20):
 garbage-first heap   total 211968K, used 170243K [0x0000000083200000, 0x0000000100000000)
  region size 1024K, 98 young (100352K), 8 survivors (8192K)
 Metaspace       used 96326K, committed 97408K, reserved 1179648K
  class space    used 11778K, committed 12416K, reserved 1048576K
}
Event: 145688.007 GC heap after
{Heap after GC invocations=167 (full 20):
 garbage-first heap   total 211968K, used 83110K [0x0000000083200000, 0x0000000100000000)
  region size 1024K, 6 young (6144K), 6 survivors (6144K)
 Metaspace       used 96326K, committed 97408K, reserved 1179648K
  class space    used 11778K, committed 12416K, reserved 1048576K
}

